100 : 6 : {('d10.txt', 4),('d11.txt', 1),('d15.txt', 1),('d4.txt', 3),('d7.txt', 1),('d8.txt', 2)}	
105 : 3 : {('d10.txt', 4),('d11.txt', 1),('d4.txt', 2)}	
114 : 3 : {('d10.txt', 5),('d11.txt', 2),('d4.txt', 2)}	
119 : 3 : {('d10.txt', 2),('d11.txt', 4),('d4.txt', 2)}	
123 : 3 : {('d10.txt', 1),('d11.txt', 5),('d4.txt', 2)}	
128 : 2 : {('d10.txt', 4),('d11.txt', 3)}	
132 : 1 : {('d10.txt', 1)}	
137 : 2 : {('d10.txt', 6),('d11.txt', 1)}	
13 : 6 : {('d10.txt', 3),('d11.txt', 6),('d12.txt', 1),('d3.txt', 2),('d4.txt', 2),('d7.txt', 3)}	
13s : 1 : {('d4.txt', 1)}	
13th : 1 : {('d10.txt', 11)}	
141 : 2 : {('d10.txt', 8),('d11.txt', 1)}	
146 : 1 : {('d10.txt', 4)}	
1480 : 1 : {('d11.txt', 1)}	
1494 : 1 : {('d11.txt', 1)}	
150 : 2 : {('d10.txt', 5),('d8.txt', 1)}	
155 : 1 : {('d10.txt', 1)}	
1561 : 1 : {('d4.txt', 1)}	
1610 : 1 : {('d4.txt', 2)}	
1633 : 1 : {('d4.txt', 2)}	
